<?xml version="1.0" encoding="UTF-8" ?>
<testsuite tests="4" failures="0" name="ec.epn.edu.git.CalculatorTest" time="0.118" errors="0" skipped="0">
  <properties>
[...]
</properties>
  <testcase classname="ec.epn.edu.git.CalculatorTest" name="given_two_integers_when_timeout_then_exception" time="0.117"/>
  <testcase classname="ec.epn.edu.git.CalculatorTest" name="given_two_integers_when_adition_then_ok" time="0"/>
  <testcase classname="ec.epn.edu.git.CalculatorTest" name="given_two_integers_when_division_then_ok" time="0.001"/>
  <testcase classname="ec.epn.edu.git.CalculatorTest" name="given_two_integers_when_subtraction_then_ok" time="0"/>
</testsuite>